c:\users\ktochcesz\source\repos\game\elemelons\x64\debug\vc142.pdb
c:\users\ktochcesz\source\repos\game\elemelons\x64\debug\vc142.idb
c:\users\ktochcesz\source\repos\game\elemelons\x64\debug\main.obj
c:\users\ktochcesz\source\repos\game\elemelons\x64\debug\world.obj
c:\users\ktochcesz\source\repos\game\elemelons\x64\debug\spider.obj
c:\users\ktochcesz\source\repos\game\elemelons\x64\debug\map.obj
c:\users\ktochcesz\source\repos\game\elemelons\x64\debug\gameplayscene.obj
c:\users\ktochcesz\source\repos\game\elemelons\x64\debug\app.obj
c:\users\ktochcesz\source\repos\game\elemelons\x64\debug\spikes.obj
c:\users\ktochcesz\source\repos\game\elemelons\x64\debug\skeletonboss.obj
c:\users\ktochcesz\source\repos\game\elemelons\x64\debug\skeleton.obj
c:\users\ktochcesz\source\repos\game\elemelons\x64\debug\savemanager.obj
c:\users\ktochcesz\source\repos\game\elemelons\x64\debug\rope.obj
c:\users\ktochcesz\source\repos\game\elemelons\x64\debug\projectile.obj
c:\users\ktochcesz\source\repos\game\elemelons\x64\debug\player.obj
c:\users\ktochcesz\source\repos\game\elemelons\x64\debug\mainmenuscene.obj
c:\users\ktochcesz\source\repos\game\elemelons\x64\debug\inventory.obj
c:\users\ktochcesz\source\repos\game\elemelons\x64\debug\enemy.obj
c:\users\ktochcesz\source\repos\game\elemelons\x64\debug\dialogue.obj
c:\users\ktochcesz\source\repos\game\elemelons\x64\debug\crate.obj
c:\users\ktochcesz\source\repos\game\elemelons\x64\debug\chest.obj
c:\users\ktochcesz\source\repos\game\elemelons\x64\debug\brek.obj
c:\users\ktochcesz\source\repos\game\elemelons\x64\debug\bonfire.obj
c:\users\ktochcesz\source\repos\game\x64\debug\elemelons.lib
c:\users\ktochcesz\source\repos\game\x64\debug\elemelons.exp
c:\users\ktochcesz\source\repos\game\x64\debug\elemelons.exe
c:\users\ktochcesz\source\repos\game\elemelons\x64\debug\elemelons.ilk
c:\users\ktochcesz\source\repos\game\x64\debug\elemelons.pdb
c:\users\ktochcesz\source\repos\game\elemelons\x64\debug\elemelons.tlog\cl.command.1.tlog
c:\users\ktochcesz\source\repos\game\elemelons\x64\debug\elemelons.tlog\cl.read.1.tlog
c:\users\ktochcesz\source\repos\game\elemelons\x64\debug\elemelons.tlog\cl.write.1.tlog
c:\users\ktochcesz\source\repos\game\elemelons\x64\debug\elemelons.tlog\elemelons.write.1u.tlog
c:\users\ktochcesz\source\repos\game\elemelons\x64\debug\elemelons.tlog\link.command.1.tlog
c:\users\ktochcesz\source\repos\game\elemelons\x64\debug\elemelons.tlog\link.delete.1.tlog
c:\users\ktochcesz\source\repos\game\elemelons\x64\debug\elemelons.tlog\link.read.1.tlog
c:\users\ktochcesz\source\repos\game\elemelons\x64\debug\elemelons.tlog\link.write.1.tlog
